-------------------------------------------------------------------------------
Test set: TestSuite
-------------------------------------------------------------------------------
Tests run: 2, Failures: 1, Errors: 0, Skipped: 0, Time elapsed: 11.668 sec <<< FAILURE! - in TestSuite
loginAsBankManager(com.w2a.testcases.BankManagerLoginTest)  Time elapsed: 0.342 sec  <<< FAILURE!
java.lang.AssertionError: Forcefull fail.....
	at org.testng.Assert.fail(Assert.java:93)
	at com.w2a.testcases.BankManagerLoginTest.loginAsBankManager(BankManagerLoginTest.java:28)

